🚀 Lightning Donation Backend listening on http://0.0.0.0:3001
🔗 Created Lightning invoice: 1000 sats to Charity (payment_hash: 06ddbe78482dca061f0271536563c42abeaffc059c08e96906d8142924fa390a)
🔗 Created Lightning invoice: 50000 sats to tb1qzy3sqsf3fm5r4gh2qmcqf229uw9uruwthrcgca (payment_hash: 49c104690647388537ab86a90aa69034e9ebb2f26401f31a0ac5f95e6787b730)
✅ Payment confirmed: 50000 sats from BITSTARK to tb1qzy3sqsf3fm5r4gh2qmcqf229uw9uruwthrcgca
🔗 Created Lightning invoice: 50000 sats to tb1qzy3sqsf3fm5r4gh2qmcqf229uw9uruwthrcgca (payment_hash: e302a2cec603324fc3fb3dd9ebdf5a4b81265ce6c34ea52b528caf406cae305b)
✅ Payment confirmed: 50000 sats from Emmanuel Okanandu to tb1qzy3sqsf3fm5r4gh2qmcqf229uw9uruwthrcgca
🔗 Created Lightning invoice: 1000 sats to tb1qzy3sqsf3fm5r4gh2qmcqf229uw9uruwthrcgca (payment_hash: 97f23d1055e0639f29273c2cca292cd0b3b78e0ed826e804f8adf4c308210ab9)
✅ Payment confirmed: 1000 sats from VERNToken to tb1qzy3sqsf3fm5r4gh2qmcqf229uw9uruwthrcgca
🔗 Created Lightning invoice: 50000 sats to tb1qzy3sqsf3fm5r4gh2qmcqf229uw9uruwthrcgca (payment_hash: e2a9d8186ce68100002e494bc466e034b99974a978b1a1bb74d0c4555c8153b8)
✅ Payment confirmed: 50000 sats from EmmanuelOkanandu to tb1qzy3sqsf3fm5r4gh2qmcqf229uw9uruwthrcgca
🔗 Created Lightning invoice: 50000 sats to tb1qzy3sqsf3fm5r4gh2qmcqf229uw9uruwthrcgca (payment_hash: 7fdae65452b1caaf383773032c1e4d0ee2be16109e88ca66599856dd29eddc37)
✅ Payment confirmed: 50000 sats from EmmanuelOkanandu to tb1qzy3sqsf3fm5r4gh2qmcqf229uw9uruwthrcgca
🔗 Created Lightning invoice: 1000 sats to SatsForGood (payment_hash: d62d66bb1855e8cec8d04d5ea2736a57b5c53bd656c5e40f50eb3aa31906afe4)
✅ Payment confirmed: 1000 sats from  to SatsForGood
🔗 Created Lightning invoice: 500 sats to Charity (payment_hash: 574c97d55484c0f267b136d4d8326c130f0e1102c480b795261c3d7532370943)
🔗 Created Lightning invoice: 50000 sats to tb1qzy3sqsf3fm5r4gh2qmcqf229uw9uruwthrcgca (payment_hash: 5db986f2105569b8e9b7f74c5c08e4df1f317473cddccccf8c879171d84dbcda)
✅ Payment confirmed: 50000 sats from EmmanuelOkanandu to tb1qzy3sqsf3fm5r4gh2qmcqf229uw9uruwthrcgca
🔗 Created Lightning invoice: 1000 sats to Charity (payment_hash: 32d65e00e04c52087686f78875b72ea06449a5b04c04ffec8264e9d9afccc7d9)
🔗 Created Lightning invoice: 50000 sats to tb1qzy3sqsf3fm5r4gh2qmcqf229uw9uruwthrcgca (payment_hash: aa72e4a935c56e203f984b875d19b097cd9979e926a68bd802e672a9dfe1d010)
✅ Payment confirmed: 50000 sats from EmmanuelOkanandu to tb1qzy3sqsf3fm5r4gh2qmcqf229uw9uruwthrcgca
🔗 Created Lightning invoice: 50000 sats to tb1qzy3sqsf3fm5r4gh2qmcqf229uw9uruwthrcgca (payment_hash: 0c042d5053995837c21d1b1b33d30f00cbb198bf0ae9fac0cc26e128ca50de22)
✅ Payment confirmed: 50000 sats from BITSTARK to tb1qzy3sqsf3fm5r4gh2qmcqf229uw9uruwthrcgca
🔗 Created Lightning invoice: 50000 sats to tb1qzy3sqsf3fm5r4gh2qmcqf229uw9uruwthrcgca (payment_hash: 8ac0644a0594579631d7452725966ffca10fbde5905d90134a92995189475ead)
✅ Payment confirmed: 50000 sats from BITSTARK to tb1qzy3sqsf3fm5r4gh2qmcqf229uw9uruwthrcgca
